<?xml version="1.0" encoding="UTF-8"?>
<!-- Generated by org.testng.reporters.JUnitXMLReporter -->
<testsuite ignored="0" hostname="MACs-Mac-mini.local" failures="0" tests="3" name="Automation Test firefox" time="0.204" errors="0" timestamp="2025-07-24T18:40:49 IST">
  <testcase classname="com.mytest.BaseTest" name="@BeforeMethod setUpTest" time="0.104">
    <failure type="org.openqa.selenium.WebDriverException" message="Cannot find firefox binary in PATH. Make sure firefox is installed. OS appears to be: MAC
Build info: version: &amp;apos;3.141.59&amp;apos;, revision: &amp;apos;e82be7d358&amp;apos;, time: &amp;apos;2018-11-14T08:17:03&amp;apos;
System info: host: &amp;apos;MACs-Mac-mini.local&amp;apos;, ip: &amp;apos;fe80:0:0:0:c15:92a9:35da:af86%en0&amp;apos;, os.name: &amp;apos;Mac OS X&amp;apos;, os.arch: &amp;apos;x86_64&amp;apos;, os.version: &amp;apos;12.6.5&amp;apos;, java.version: &amp;apos;17.0.4.1&amp;apos;
Driver info: driver.version: FirefoxDriver">
      <![CDATA[org.openqa.selenium.WebDriverException: Cannot find firefox binary in PATH. Make sure firefox is installed. OS appears to be: MAC
Build info: version: '3.141.59', revision: 'e82be7d358', time: '2018-11-14T08:17:03'
System info: host: 'MACs-Mac-mini.local', ip: 'fe80:0:0:0:c15:92a9:35da:af86%en0', os.name: 'Mac OS X', os.arch: 'x86_64', os.version: '12.6.5', java.version: '17.0.4.1'
Driver info: driver.version: FirefoxDriver
at org.openqa.selenium.firefox.FirefoxBinary.<init>(FirefoxBinary.java:100)
at java.base/java.util.Optional.orElseGet(Optional.java:364)
at org.openqa.selenium.firefox.FirefoxOptions.getBinary(FirefoxOptions.java:216)
at org.openqa.selenium.firefox.FirefoxDriver.toExecutor(FirefoxDriver.java:187)
at org.openqa.selenium.firefox.FirefoxDriver.<init>(FirefoxDriver.java:147)
at org.openqa.selenium.firefox.FirefoxDriver.<init>(FirefoxDriver.java:125)
at com.mytest.BaseTest.setUpTest(BaseTest.java:30)
at java.base/jdk.internal.reflect.NativeMethodAccessorImpl.invoke0(Native Method)
at java.base/jdk.internal.reflect.NativeMethodAccessorImpl.invoke(NativeMethodAccessorImpl.java:77)
at java.base/jdk.internal.reflect.DelegatingMethodAccessorImpl.invoke(DelegatingMethodAccessorImpl.java:43)
at java.base/java.lang.reflect.Method.invoke(Method.java:568)
at org.testng.internal.MethodInvocationHelper.invokeMethod(MethodInvocationHelper.java:134)
at org.testng.internal.MethodInvocationHelper.invokeMethodConsideringTimeout(MethodInvocationHelper.java:63)
at org.testng.internal.ConfigInvoker.invokeConfigurationMethod(ConfigInvoker.java:348)
at org.testng.internal.ConfigInvoker.invokeConfigurations(ConfigInvoker.java:302)
at org.testng.internal.TestInvoker.runConfigMethods(TestInvoker.java:695)
at org.testng.internal.TestInvoker.invokeMethod(TestInvoker.java:523)
at org.testng.internal.TestInvoker.invokeTestMethod(TestInvoker.java:173)
at org.testng.internal.MethodRunner.runInSequence(MethodRunner.java:46)
at org.testng.internal.TestInvoker$MethodInvocationAgent.invoke(TestInvoker.java:816)
at org.testng.internal.TestInvoker.invokeTestMethods(TestInvoker.java:146)
at org.testng.internal.TestMethodWorker.invokeTestMethods(TestMethodWorker.java:146)
at org.testng.internal.TestMethodWorker.run(TestMethodWorker.java:128)
at java.base/java.util.concurrent.ThreadPoolExecutor.runWorker(ThreadPoolExecutor.java:1136)
at java.base/java.util.concurrent.ThreadPoolExecutor$Worker.run(ThreadPoolExecutor.java:635)
at java.base/java.lang.Thread.run(Thread.java:833)
]]>
    </failure>
  </testcase> <!-- @BeforeMethod setUpTest -->
  <testcase classname="com.mytest.BaseTest" name="@AfterMethod closeBrower" time="-1.753362649799E9">
    <skipped/>
  </testcase> <!-- @AfterMethod closeBrower -->
  <testcase classname="com.mytest.BaseTest" name="@BeforeMethod setUpTest" time="-1.753362649806E9">
    <skipped/>
  </testcase> <!-- @BeforeMethod setUpTest -->
  <testcase classname="com.mytest.BaseTest" name="@AfterMethod closeBrower" time="-1.753362649815E9">
    <skipped/>
  </testcase> <!-- @AfterMethod closeBrower -->
  <testcase classname="com.mytest.BaseTest" name="@BeforeMethod setUpTest" time="-1.753362649817E9">
    <skipped/>
  </testcase> <!-- @BeforeMethod setUpTest -->
  <testcase classname="com.mytest.BaseTest" name="@AfterMethod closeBrower" time="-1.753362649823E9">
    <skipped/>
  </testcase> <!-- @AfterMethod closeBrower -->
  <testcase classname="com.mytest.LoginTest" name="VerifyLoginPageTitleTest" time="0.0">
    <skipped/>
  </testcase> <!-- VerifyLoginPageTitleTest -->
  <testcase classname="com.mytest.LoginTest" name="VerifyLoginPageHeaderTest" time="0.0">
    <skipped/>
  </testcase> <!-- VerifyLoginPageHeaderTest -->
  <testcase classname="com.mytest.LoginTest" name="doLoginTest" time="0.0">
    <skipped/>
  </testcase> <!-- doLoginTest -->
</testsuite> <!-- Automation Test firefox -->
